[09:41:51] [Client thread/INFO]: Setting user: Player906
[09:41:55] [Client thread/INFO]: LWJGL Version: 2.9.1
[09:42:01] [Client thread/INFO]: Reloading ResourceManager: Default, FMLFileResourcePack:Forge Mod Loader, FMLFileResourcePack:Minecraft Forge, FMLFileResourcePack:More Things Mod
[09:42:01] [Sound Library Loader/INFO]: Starting up SoundSystem...
[09:42:02] [Thread-9/INFO]: Initializing LWJGL OpenAL
[09:42:02] [Thread-9/INFO]: (The LWJGL binding of OpenAL.  For more information, see http://www.lwjgl.org)
[09:42:02] [Thread-9/INFO]: OpenAL initialized.
[09:42:02] [Sound Library Loader/INFO]: Sound engine started
[09:42:11] [Client thread/INFO]: Created: 512x512 textures-atlas
[09:42:13] [Client thread/INFO]: Reloading ResourceManager: Default, FMLFileResourcePack:Forge Mod Loader, FMLFileResourcePack:Minecraft Forge, FMLFileResourcePack:More Things Mod
[09:42:13] [Client thread/INFO]: SoundSystem shutting down...
[09:42:13] [Client thread/WARN]: Author: Paul Lamb, www.paulscode.com
[09:42:13] [Sound Library Loader/INFO]: Starting up SoundSystem...
[09:42:13] [Thread-11/INFO]: Initializing LWJGL OpenAL
[09:42:13] [Thread-11/INFO]: (The LWJGL binding of OpenAL.  For more information, see http://www.lwjgl.org)
[09:42:13] [Thread-11/INFO]: OpenAL initialized.
[09:42:14] [Sound Library Loader/INFO]: Sound engine started
[09:42:20] [Client thread/INFO]: Created: 512x512 textures-atlas
[09:42:23] [Client thread/ERROR]: ########## GL ERROR ##########
[09:42:23] [Client thread/ERROR]: @ Post render
[09:42:23] [Client thread/ERROR]: 1286: Invalid framebuffer operation
[09:42:23] [Client thread/ERROR]: ########## GL ERROR ##########
[09:42:23] [Client thread/ERROR]: @ Post render
[09:42:23] [Client thread/ERROR]: 1286: Invalid framebuffer operation
[09:42:23] [Client thread/ERROR]: ########## GL ERROR ##########
[09:42:23] [Client thread/ERROR]: @ Post render
[09:42:23] [Client thread/ERROR]: 1286: Invalid framebuffer operation
[09:42:23] [Client thread/ERROR]: ########## GL ERROR ##########
[09:42:23] [Client thread/ERROR]: @ Post render
[09:42:23] [Client thread/ERROR]: 1286: Invalid framebuffer operation
[09:42:23] [Client thread/ERROR]: ########## GL ERROR ##########
[09:42:23] [Client thread/ERROR]: @ Post render
[09:42:23] [Client thread/ERROR]: 1286: Invalid framebuffer operation
[09:42:23] [Client thread/ERROR]: ########## GL ERROR ##########
[09:42:23] [Client thread/ERROR]: @ Post render
[09:42:23] [Client thread/ERROR]: 1286: Invalid framebuffer operation
[09:42:23] [Client thread/ERROR]: ########## GL ERROR ##########
[09:42:23] [Client thread/ERROR]: @ Post render
[09:42:23] [Client thread/ERROR]: 1286: Invalid framebuffer operation
[09:42:23] [Client thread/ERROR]: ########## GL ERROR ##########
[09:42:23] [Client thread/ERROR]: @ Post render
[09:42:23] [Client thread/ERROR]: 1286: Invalid framebuffer operation
[09:42:23] [Client thread/ERROR]: ########## GL ERROR ##########
[09:42:23] [Client thread/ERROR]: @ Post render
[09:42:23] [Client thread/ERROR]: 1286: Invalid framebuffer operation
[09:42:23] [Client thread/ERROR]: ########## GL ERROR ##########
[09:42:23] [Client thread/ERROR]: @ Post render
[09:42:23] [Client thread/ERROR]: 1286: Invalid framebuffer operation
[09:42:23] [Client thread/ERROR]: ########## GL ERROR ##########
[09:42:23] [Client thread/ERROR]: @ Post render
[09:42:23] [Client thread/ERROR]: 1286: Invalid framebuffer operation
[09:42:23] [Client thread/ERROR]: ########## GL ERROR ##########
[09:42:23] [Client thread/ERROR]: @ Post render
[09:42:23] [Client thread/ERROR]: 1286: Invalid framebuffer operation
[09:42:23] [Client thread/ERROR]: ########## GL ERROR ##########
[09:42:23] [Client thread/ERROR]: @ Post render
[09:42:23] [Client thread/ERROR]: 1286: Invalid framebuffer operation
[09:42:23] [Client thread/ERROR]: ########## GL ERROR ##########
[09:42:23] [Client thread/ERROR]: @ Post render
[09:42:23] [Client thread/ERROR]: 1286: Invalid framebuffer operation
[09:42:23] [Client thread/ERROR]: ########## GL ERROR ##########
[09:42:23] [Client thread/ERROR]: @ Post render
[09:42:23] [Client thread/ERROR]: 1286: Invalid framebuffer operation
[09:42:23] [Client thread/ERROR]: ########## GL ERROR ##########
[09:42:23] [Client thread/ERROR]: @ Post render
[09:42:23] [Client thread/ERROR]: 1286: Invalid framebuffer operation
[09:42:23] [Client thread/ERROR]: ########## GL ERROR ##########
[09:42:23] [Client thread/ERROR]: @ Post render
[09:42:23] [Client thread/ERROR]: 1286: Invalid framebuffer operation
[09:42:23] [Client thread/ERROR]: ########## GL ERROR ##########
[09:42:23] [Client thread/ERROR]: @ Post render
[09:42:23] [Client thread/ERROR]: 1286: Invalid framebuffer operation
[09:42:23] [Client thread/ERROR]: ########## GL ERROR ##########
[09:42:23] [Client thread/ERROR]: @ Post render
[09:42:23] [Client thread/ERROR]: 1286: Invalid framebuffer operation
[09:42:23] [Client thread/ERROR]: ########## GL ERROR ##########
[09:42:23] [Client thread/ERROR]: @ Post render
[09:42:23] [Client thread/ERROR]: 1286: Invalid framebuffer operation
[09:42:23] [Client thread/ERROR]: ########## GL ERROR ##########
[09:42:23] [Client thread/ERROR]: @ Post render
[09:42:23] [Client thread/ERROR]: 1286: Invalid framebuffer operation
[09:42:23] [Client thread/ERROR]: ########## GL ERROR ##########
[09:42:23] [Client thread/ERROR]: @ Post render
[09:42:23] [Client thread/ERROR]: 1286: Invalid framebuffer operation
[09:42:23] [Client thread/ERROR]: ########## GL ERROR ##########
[09:42:23] [Client thread/ERROR]: @ Post render
[09:42:23] [Client thread/ERROR]: 1286: Invalid framebuffer operation
[09:42:23] [Client thread/ERROR]: ########## GL ERROR ##########
[09:42:23] [Client thread/ERROR]: @ Post render
[09:42:23] [Client thread/ERROR]: 1286: Invalid framebuffer operation
[09:42:23] [Client thread/ERROR]: ########## GL ERROR ##########
[09:42:23] [Client thread/ERROR]: @ Post render
[09:42:23] [Client thread/ERROR]: 1286: Invalid framebuffer operation
[09:42:24] [Client thread/ERROR]: ########## GL ERROR ##########
[09:42:24] [Client thread/ERROR]: @ Post render
[09:42:24] [Client thread/ERROR]: 1286: Invalid framebuffer operation
[09:42:24] [Client thread/ERROR]: ########## GL ERROR ##########
[09:42:24] [Client thread/ERROR]: @ Post render
[09:42:24] [Client thread/ERROR]: 1286: Invalid framebuffer operation
[09:42:24] [Client thread/ERROR]: ########## GL ERROR ##########
[09:42:24] [Client thread/ERROR]: @ Post render
[09:42:24] [Client thread/ERROR]: 1286: Invalid framebuffer operation
[09:42:24] [Client thread/ERROR]: ########## GL ERROR ##########
[09:42:24] [Client thread/ERROR]: @ Post render
[09:42:24] [Client thread/ERROR]: 1286: Invalid framebuffer operation
[09:42:24] [Client thread/ERROR]: ########## GL ERROR ##########
[09:42:24] [Client thread/ERROR]: @ Post render
[09:42:24] [Client thread/ERROR]: 1286: Invalid framebuffer operation
[09:42:24] [Client thread/ERROR]: ########## GL ERROR ##########
[09:42:24] [Client thread/ERROR]: @ Post render
[09:42:24] [Client thread/ERROR]: 1286: Invalid framebuffer operation
[09:42:24] [Client thread/ERROR]: ########## GL ERROR ##########
[09:42:24] [Client thread/ERROR]: @ Post render
[09:42:24] [Client thread/ERROR]: 1286: Invalid framebuffer operation
[09:42:24] [Client thread/ERROR]: ########## GL ERROR ##########
[09:42:24] [Client thread/ERROR]: @ Post render
[09:42:24] [Client thread/ERROR]: 1286: Invalid framebuffer operation
[09:42:24] [Client thread/ERROR]: ########## GL ERROR ##########
[09:42:24] [Client thread/ERROR]: @ Post render
[09:42:24] [Client thread/ERROR]: 1286: Invalid framebuffer operation
[09:42:24] [Client thread/ERROR]: ########## GL ERROR ##########
[09:42:24] [Client thread/ERROR]: @ Post render
[09:42:24] [Client thread/ERROR]: 1286: Invalid framebuffer operation
[09:42:24] [Client thread/ERROR]: ########## GL ERROR ##########
[09:42:24] [Client thread/ERROR]: @ Post render
[09:42:24] [Client thread/ERROR]: 1286: Invalid framebuffer operation
[09:42:24] [Client thread/ERROR]: ########## GL ERROR ##########
[09:42:24] [Client thread/ERROR]: @ Post render
[09:42:24] [Client thread/ERROR]: 1286: Invalid framebuffer operation
[09:42:24] [Client thread/ERROR]: ########## GL ERROR ##########
[09:42:24] [Client thread/ERROR]: @ Post render
[09:42:24] [Client thread/ERROR]: 1286: Invalid framebuffer operation
[09:42:24] [Client thread/ERROR]: ########## GL ERROR ##########
[09:42:24] [Client thread/ERROR]: @ Post render
[09:42:24] [Client thread/ERROR]: 1286: Invalid framebuffer operation
[09:42:24] [Client thread/ERROR]: ########## GL ERROR ##########
[09:42:24] [Client thread/ERROR]: @ Post render
[09:42:24] [Client thread/ERROR]: 1286: Invalid framebuffer operation
[09:42:24] [Client thread/ERROR]: ########## GL ERROR ##########
[09:42:24] [Client thread/ERROR]: @ Post render
[09:42:24] [Client thread/ERROR]: 1286: Invalid framebuffer operation
[09:42:24] [Client thread/ERROR]: ########## GL ERROR ##########
[09:42:24] [Client thread/ERROR]: @ Post render
[09:42:24] [Client thread/ERROR]: 1286: Invalid framebuffer operation
[09:42:24] [Client thread/ERROR]: ########## GL ERROR ##########
[09:42:24] [Client thread/ERROR]: @ Post render
[09:42:24] [Client thread/ERROR]: 1286: Invalid framebuffer operation
[09:42:24] [Client thread/ERROR]: ########## GL ERROR ##########
[09:42:24] [Client thread/ERROR]: @ Post render
[09:42:24] [Client thread/ERROR]: 1286: Invalid framebuffer operation
[09:42:24] [Client thread/ERROR]: ########## GL ERROR ##########
[09:42:24] [Client thread/ERROR]: @ Post render
[09:42:24] [Client thread/ERROR]: 1286: Invalid framebuffer operation
[09:42:24] [Client thread/ERROR]: ########## GL ERROR ##########
[09:42:24] [Client thread/ERROR]: @ Post render
[09:42:24] [Client thread/ERROR]: 1286: Invalid framebuffer operation
[09:42:24] [Client thread/ERROR]: ########## GL ERROR ##########
[09:42:24] [Client thread/ERROR]: @ Post render
[09:42:24] [Client thread/ERROR]: 1286: Invalid framebuffer operation
[09:42:24] [Client thread/ERROR]: ########## GL ERROR ##########
[09:42:24] [Client thread/ERROR]: @ Post render
[09:42:24] [Client thread/ERROR]: 1286: Invalid framebuffer operation
[09:42:24] [Client thread/ERROR]: ########## GL ERROR ##########
[09:42:24] [Client thread/ERROR]: @ Post render
[09:42:24] [Client thread/ERROR]: 1286: Invalid framebuffer operation
[09:42:24] [Client thread/ERROR]: ########## GL ERROR ##########
[09:42:24] [Client thread/ERROR]: @ Post render
[09:42:24] [Client thread/ERROR]: 1286: Invalid framebuffer operation
[09:42:24] [Client thread/ERROR]: ########## GL ERROR ##########
[09:42:24] [Client thread/ERROR]: @ Post render
[09:42:24] [Client thread/ERROR]: 1286: Invalid framebuffer operation
[09:42:24] [Client thread/ERROR]: ########## GL ERROR ##########
[09:42:24] [Client thread/ERROR]: @ Post render
[09:42:24] [Client thread/ERROR]: 1286: Invalid framebuffer operation
[09:42:24] [Client thread/ERROR]: ########## GL ERROR ##########
[09:42:24] [Client thread/ERROR]: @ Post render
[09:42:24] [Client thread/ERROR]: 1286: Invalid framebuffer operation
[09:42:24] [Client thread/ERROR]: ########## GL ERROR ##########
[09:42:24] [Client thread/ERROR]: @ Post render
[09:42:24] [Client thread/ERROR]: 1286: Invalid framebuffer operation
[09:42:24] [Client thread/ERROR]: ########## GL ERROR ##########
[09:42:24] [Client thread/ERROR]: @ Post render
[09:42:24] [Client thread/ERROR]: 1286: Invalid framebuffer operation
[09:42:25] [Client thread/ERROR]: ########## GL ERROR ##########
[09:42:25] [Client thread/ERROR]: @ Post render
[09:42:25] [Client thread/ERROR]: 1286: Invalid framebuffer operation
[09:42:25] [Client thread/ERROR]: ########## GL ERROR ##########
[09:42:25] [Client thread/ERROR]: @ Post render
[09:42:25] [Client thread/ERROR]: 1286: Invalid framebuffer operation
[09:42:25] [Client thread/ERROR]: ########## GL ERROR ##########
[09:42:25] [Client thread/ERROR]: @ Post render
[09:42:25] [Client thread/ERROR]: 1286: Invalid framebuffer operation
[09:42:25] [Client thread/ERROR]: ########## GL ERROR ##########
[09:42:25] [Client thread/ERROR]: @ Post render
[09:42:25] [Client thread/ERROR]: 1286: Invalid framebuffer operation
[09:42:25] [Client thread/ERROR]: ########## GL ERROR ##########
[09:42:25] [Client thread/ERROR]: @ Post render
[09:42:25] [Client thread/ERROR]: 1286: Invalid framebuffer operation
[09:42:25] [Client thread/ERROR]: ########## GL ERROR ##########
[09:42:25] [Client thread/ERROR]: @ Post render
[09:42:25] [Client thread/ERROR]: 1286: Invalid framebuffer operation
[09:42:25] [Client thread/ERROR]: ########## GL ERROR ##########
[09:42:25] [Client thread/ERROR]: @ Post render
[09:42:25] [Client thread/ERROR]: 1286: Invalid framebuffer operation
[09:42:25] [Client thread/ERROR]: ########## GL ERROR ##########
[09:42:25] [Client thread/ERROR]: @ Post render
[09:42:25] [Client thread/ERROR]: 1286: Invalid framebuffer operation
[09:42:25] [Client thread/ERROR]: ########## GL ERROR ##########
[09:42:25] [Client thread/ERROR]: @ Post render
[09:42:25] [Client thread/ERROR]: 1286: Invalid framebuffer operation
[09:42:25] [Client thread/ERROR]: ########## GL ERROR ##########
[09:42:25] [Client thread/ERROR]: @ Post render
[09:42:25] [Client thread/ERROR]: 1286: Invalid framebuffer operation
[09:43:40] [Client thread/INFO]: Stopping!
[09:43:40] [Client thread/INFO]: SoundSystem shutting down...
[09:43:40] [Client thread/WARN]: Author: Paul Lamb, www.paulscode.com
