[15:30:35] [Client thread/INFO]: Setting user: Player57
[15:30:41] [Client thread/INFO]: LWJGL Version: 2.9.1
[15:30:51] [Client thread/INFO]: Reloading ResourceManager: Default, FMLFileResourcePack:Forge Mod Loader, FMLFileResourcePack:Minecraft Forge, FMLFileResourcePack:More Things Mod
[15:30:52] [Sound Library Loader/INFO]: Starting up SoundSystem...
[15:30:52] [Thread-9/INFO]: Initializing LWJGL OpenAL
[15:30:52] [Thread-9/INFO]: (The LWJGL binding of OpenAL.  For more information, see http://www.lwjgl.org)
[15:30:52] [Thread-9/INFO]: OpenAL initialized.
[15:30:53] [Sound Library Loader/INFO]: Sound engine started
[15:30:59] [Client thread/INFO]: Created: 512x512 textures-atlas
[15:31:01] [Client thread/INFO]: Reloading ResourceManager: Default, FMLFileResourcePack:Forge Mod Loader, FMLFileResourcePack:Minecraft Forge, FMLFileResourcePack:More Things Mod
[15:31:01] [Client thread/INFO]: SoundSystem shutting down...
[15:31:01] [Client thread/WARN]: Author: Paul Lamb, www.paulscode.com
[15:31:01] [Sound Library Loader/INFO]: Starting up SoundSystem...
[15:31:01] [Thread-11/INFO]: Initializing LWJGL OpenAL
[15:31:01] [Thread-11/INFO]: (The LWJGL binding of OpenAL.  For more information, see http://www.lwjgl.org)
[15:31:01] [Thread-11/INFO]: OpenAL initialized.
[15:31:02] [Sound Library Loader/INFO]: Sound engine started
[15:31:05] [Client thread/INFO]: Created: 512x512 textures-atlas
[15:31:17] [Server thread/INFO]: Starting integrated minecraft server version 1.8
[15:31:17] [Server thread/INFO]: Generating keypair
[15:31:32] [Server thread/INFO]: Preparing start region for level 0
[15:31:33] [Server thread/INFO]: Preparing spawn area: 29%
[15:31:35] [Server thread/INFO]: Changing view distance to 12, from 10
[15:31:37] [Server thread/INFO]: Player57[local:E:336233d6] logged in with entity id 287 at (231.30000001192093, 68.0, 12.699999988079071)
[15:31:37] [Server thread/INFO]: Player57 joined the game
[15:31:40] [Server thread/INFO]: Saving and pausing game...
[15:31:40] [Server thread/INFO]: Saving chunks for level 'New World'/Overworld
[15:31:40] [pool-2-thread-1/WARN]: Couldn't look up profile properties for com.mojang.authlib.GameProfile@7046bea1[id=503b4b59-0d6c-31d1-9440-529de2c14614,name=Player57,properties={},legacy=false]
com.mojang.authlib.exceptions.AuthenticationException: The client has sent too many requests within a certain amount of time
	at com.mojang.authlib.yggdrasil.YggdrasilAuthenticationService.makeRequest(YggdrasilAuthenticationService.java:65) ~[YggdrasilAuthenticationService.class:?]
	at com.mojang.authlib.yggdrasil.YggdrasilMinecraftSessionService.fillGameProfile(YggdrasilMinecraftSessionService.java:158) [YggdrasilMinecraftSessionService.class:?]
	at com.mojang.authlib.yggdrasil.YggdrasilMinecraftSessionService$1.load(YggdrasilMinecraftSessionService.java:53) [YggdrasilMinecraftSessionService$1.class:?]
	at com.mojang.authlib.yggdrasil.YggdrasilMinecraftSessionService$1.load(YggdrasilMinecraftSessionService.java:50) [YggdrasilMinecraftSessionService$1.class:?]
	at com.google.common.cache.LocalCache$LoadingValueReference.loadFuture(LocalCache.java:3524) [guava-17.0.jar:?]
	at com.google.common.cache.LocalCache$Segment.loadSync(LocalCache.java:2317) [guava-17.0.jar:?]
	at com.google.common.cache.LocalCache$Segment.lockedGetOrLoad(LocalCache.java:2280) [guava-17.0.jar:?]
	at com.google.common.cache.LocalCache$Segment.get(LocalCache.java:2195) [guava-17.0.jar:?]
	at com.google.common.cache.LocalCache.get(LocalCache.java:3934) [guava-17.0.jar:?]
	at com.google.common.cache.LocalCache.getOrLoad(LocalCache.java:3938) [guava-17.0.jar:?]
	at com.google.common.cache.LocalCache$LocalLoadingCache.get(LocalCache.java:4821) [guava-17.0.jar:?]
	at com.google.common.cache.LocalCache$LocalLoadingCache.getUnchecked(LocalCache.java:4827) [guava-17.0.jar:?]
	at com.mojang.authlib.yggdrasil.YggdrasilMinecraftSessionService.fillProfileProperties(YggdrasilMinecraftSessionService.java:148) [YggdrasilMinecraftSessionService.class:?]
	at net.minecraft.client.resources.SkinManager$3.run(SkinManager.java:138) [SkinManager$3.class:?]
	at java.util.concurrent.Executors$RunnableAdapter.call(Unknown Source) [?:1.8.0_51]
	at java.util.concurrent.FutureTask.run(Unknown Source) [?:1.8.0_51]
	at java.util.concurrent.ThreadPoolExecutor.runWorker(Unknown Source) [?:1.8.0_51]
	at java.util.concurrent.ThreadPoolExecutor$Worker.run(Unknown Source) [?:1.8.0_51]
	at java.lang.Thread.run(Unknown Source) [?:1.8.0_51]
[15:31:40] [Server thread/INFO]: Saving chunks for level 'New World'/Nether
[15:31:40] [Server thread/INFO]: Saving chunks for level 'New World'/The End
[15:31:50] [Server thread/INFO]: Player57 has just earned the achievement [Taking Inventory]
[15:31:50] [Client thread/INFO]: [CHAT] Player57 has just earned the achievement [Taking Inventory]
[15:32:19] [Server thread/INFO]: Saving and pausing game...
[15:32:19] [Server thread/INFO]: Saving chunks for level 'New World'/Overworld
[15:32:20] [Server thread/INFO]: Saving chunks for level 'New World'/Nether
[15:32:20] [Server thread/INFO]: Saving chunks for level 'New World'/The End
[15:32:52] [Server thread/INFO]: Saving and pausing game...
[15:32:52] [Server thread/INFO]: Saving chunks for level 'New World'/Overworld
[15:32:53] [Server thread/INFO]: Saving chunks for level 'New World'/Nether
[15:32:53] [Server thread/INFO]: Saving chunks for level 'New World'/The End
[15:32:53] [Server thread/INFO]: Stopping server
[15:32:53] [Server thread/INFO]: Saving players
[15:32:53] [Server thread/INFO]: Saving worlds
[15:32:53] [Server thread/INFO]: Saving chunks for level 'New World'/Overworld
[15:32:53] [Server thread/INFO]: Saving chunks for level 'New World'/Nether
[15:32:53] [Server thread/INFO]: Saving chunks for level 'New World'/The End
[15:32:55] [Client thread/INFO]: Stopping!
[15:32:55] [Client thread/INFO]: SoundSystem shutting down...
[15:32:56] [Client thread/WARN]: Author: Paul Lamb, www.paulscode.com
